<?xml version="1.0" encoding="UTF-8"?>
<!-- Generated by org.testng.reporters.JUnitReportReporter -->
<testsuite hostname="DESKTOP-28VNVH3" failures="0" tests="3" name="test2.Priority_keyword" time="0.025" errors="0" timestamp="2023-06-07T14:52:39 IST" skipped="0">
  <testcase classname="test2.Priority_keyword" name="TC3" time="0.020"/>
  <system-out>
    <![CDATA[--running TC3--]]>
  </system-out>
  <testcase classname="test2.Priority_keyword" name="TC2" time="0.003"/>
  <system-out>
    <![CDATA[--running TC2--]]>
  </system-out>
  <testcase classname="test2.Priority_keyword" name="TC1" time="0.002"/>
  <system-out>
    <![CDATA[--running TC1--]]>
  </system-out>
</testsuite> <!-- test2.Priority_keyword -->
