<?xml version="1.0" encoding="UTF-8"?>
<!-- Generated by org.testng.reporters.JUnitReportReporter -->
<testsuite hostname="DESKTOP-28VNVH3" failures="0" tests="2" name="test2.Annotations" time="0.035" errors="0" timestamp="2023-06-07T13:35:43 IST" skipped="0">
  <testcase classname="test2.Annotations" name="EnterFullName" time="0.020"/>
  <system-out>
    <![CDATA[Enter Full name]]>
  </system-out>
  <testcase classname="test2.Annotations" name="EnterPassword" time="0.015"/>
  <system-out>
    <![CDATA[Enter password]]>
  </system-out>
</testsuite> <!-- test2.Annotations -->
