<?xml version="1.0" encoding="UTF-8"?>
<!-- Generated by org.testng.reporters.JUnitReportReporter -->
<testsuite hostname="DESKTOP-28VNVH3" failures="0" tests="2" name="test2.Annotation1" time="0.022" errors="0" timestamp="2023-06-12T13:56:20 IST" skipped="0">
  <testcase classname="test2.Annotation1" name="Test2" time="0.005"/>
  <system-out/>
  <testcase classname="test2.Annotation1" name="Test1" time="0.017"/>
  <system-out/>
</testsuite> <!-- test2.Annotation1 -->
