<?xml version="1.0" encoding="UTF-8"?>
<!-- Generated by org.testng.reporters.JUnitReportReporter -->
<testsuite hostname="DESKTOP-28VNVH3" failures="0" tests="8" name="test2.Mix_keywords" time="0.031" errors="0" timestamp="2023-06-07T14:55:01 IST" skipped="1">
  <testcase classname="test2.Mix_keywords" name="TC3" time="0.002"/>
  <system-out>
    <![CDATA[--running TC3--]]>
  </system-out>
  <testcase classname="test2.Mix_keywords" name="TC3" time="0.016"/>
  <system-out>
    <![CDATA[--running TC3--]]>
  </system-out>
  <testcase classname="test2.Mix_keywords" name="TC1" time="0.003"/>
  <system-out>
    <![CDATA[--running TC1--]]>
  </system-out>
  <testcase classname="test2.Mix_keywords" name="TC1" time="0.002"/>
  <system-out>
    <![CDATA[--running TC1--]]>
  </system-out>
  <testcase classname="test2.Mix_keywords" name="TC1" time="0.003"/>
  <system-out>
    <![CDATA[--running TC1--]]>
  </system-out>
  <testcase classname="test2.Mix_keywords" name="TC1" time="0.002"/>
  <system-out>
    <![CDATA[--running TC1--]]>
  </system-out>
  <testcase classname="test2.Mix_keywords" name="TC1" time="0.003"/>
  <system-out>
    <![CDATA[--running TC1--]]>
  </system-out>
  <testcase classname="test2.Mix_keywords" name="TC2">
    <skipped/>
  </testcase> <!-- TC2 -->
  <system-out/>
</testsuite> <!-- test2.Mix_keywords -->
